<?xml version="1.0" encoding="UTF-8"?>
<!-- Generated by org.testng.reporters.JUnitReportReporter -->
<testsuite name="com.Mavenproject.Prioritytest" tests="5" time="0.062" ignored="1" failures="0" timestamp="09 Feb 2022 07:58:19 GMT" skipped="0" hostname="LAPTOP-6R094LP2" errors="0">
  <testcase name="college" time="0.000" classname="com.Mavenproject.Prioritytest"/>
  <testcase name="job" time="0.000" classname="com.Mavenproject.Prioritytest"/>
  <testcase name="hsc" time="0.015" classname="com.Mavenproject.Prioritytest"/>
  <testcase name="hsc" time="0.015" classname="com.Mavenproject.Prioritytest"/>
  <testcase name="hsc" time="0.032" classname="com.Mavenproject.Prioritytest"/>
  <testcase name="sslc" classname="com.Mavenproject.Prioritytest">
    <skipped/>
  </testcase> <!-- sslc -->
</testsuite> <!-- com.Mavenproject.Prioritytest -->
