<?xml version="1.0" encoding="UTF-8"?>
<!-- Generated by org.testng.reporters.JUnitReportReporter -->
<testsuite name="com.Mavenproject.Ignore_Case" tests="6" time="0.062" ignored="1" failures="0" timestamp="09 Feb 2022 08:01:05 GMT" skipped="0" hostname="LAPTOP-6R094LP2" errors="0">
  <testcase name="fb" time="0.031" classname="com.Mavenproject.Ignore_Case"/>
  <testcase name="spotify" time="0.015" classname="com.Mavenproject.Ignore_Case"/>
  <testcase name="insta" time="0.000" classname="com.Mavenproject.Ignore_Case"/>
  <testcase name="wkynmusic" time="0.016" classname="com.Mavenproject.Ignore_Case"/>
  <testcase name="insta" time="0.000" classname="com.Mavenproject.Ignore_Case"/>
  <testcase name="tweet" time="0.000" classname="com.Mavenproject.Ignore_Case"/>
  <testcase name="watsapp" classname="com.Mavenproject.Ignore_Case">
    <skipped/>
  </testcase> <!-- watsapp -->
</testsuite> <!-- com.Mavenproject.Ignore_Case -->
