<?xml version="1.0" encoding="UTF-8"?>
<!-- Generated by org.testng.reporters.JUnitReportReporter -->
<testsuite name="com.Mavenproject.Simple_Annotations" tests="1" time="0.031" ignored="0" failures="0" timestamp="09 Feb 2022 07:34:41 GMT" skipped="0" hostname="LAPTOP-6R094LP2" errors="0">
  <testcase name="method_P" time="0.031" classname="com.Mavenproject.Simple_Annotations"/>
</testsuite> <!-- com.Mavenproject.Simple_Annotations -->
